2025-06-29 12:49:24,528 - INFO - root - Starting Secure Password Manager
2025-06-29 12:51:10,715 - INFO - password_manager.database.db_manager - Database connection established
2025-06-29 12:51:10,717 - ERROR - password_manager.database.db_manager - Error getting user: no such table: users
2025-06-29 12:51:28,963 - INFO - password_manager.database.db_manager - Database connection established
2025-06-29 12:51:28,963 - ERROR - password_manager.database.db_manager - Error getting user: no such table: users
2025-06-29 12:54:52,889 - INFO - root - Starting Secure Password Manager
2025-06-29 12:54:52,938 - INFO - password_manager.database.db_manager - Database connection established
2025-06-29 12:54:52,952 - INFO - password_manager.database.db_manager - Database schema initialized
2025-06-29 12:54:52,952 - INFO - password_manager.auth.auth_manager - Database schema initialized successfully
2025-06-29 12:54:52,952 - INFO - password_manager.database.db_manager - Database connection closed
2025-06-29 12:55:11,747 - INFO - password_manager.database.db_manager - Database connection established
2025-06-29 12:55:11,747 - INFO - password_manager.database.db_manager - Database schema initialized
2025-06-29 12:58:02,589 - INFO - root - Starting Secure Password Manager
2025-06-29 12:58:02,625 - INFO - password_manager.database.db_manager - Database connection established
2025-06-29 12:58:02,625 - INFO - password_manager.database.db_manager - Database schema initialized
2025-06-29 12:58:02,625 - INFO - password_manager.auth.auth_manager - Database schema initialized successfully
2025-06-29 12:58:02,625 - INFO - password_manager.database.db_manager - Database connection closed
2025-06-29 13:04:13,714 - INFO - root - Starting Secure Password Manager
2025-06-29 13:04:13,751 - INFO - password_manager.database.db_manager - Database connection established
2025-06-29 13:04:13,752 - INFO - password_manager.database.db_manager - Database schema initialized
2025-06-29 13:04:13,752 - INFO - password_manager.auth.auth_manager - Database schema initialized successfully
2025-06-29 13:04:13,752 - INFO - password_manager.database.db_manager - Database connection closed
2025-06-29 13:04:13,757 - CRITICAL - root - Unhandled exception: cannot use geometry manager pack inside .!loginwindow which already has slaves managed by grid
Traceback (most recent call last):
  File "C:\Users\USER\Desktop\PasswordManeger\password_manager\main.py", line 85, in main
    app = PasswordManagerApp()
          ^^^^^^^^^^^^^^^^^^^^
  File "C:\Users\USER\Desktop\PasswordManeger\password_manager\gui\app.py", line 56, in __init__
    self.show_login_window()
  File "C:\Users\USER\Desktop\PasswordManeger\password_manager\gui\app.py", line 78, in show_login_window
    self.current_frame = LoginWindow(
                         ^^^^^^^^^^^^
  File "C:\Users\USER\Desktop\PasswordManeger\password_manager\gui\login_window.py", line 33, in __init__
    self._setup_layout()
  File "C:\Users\USER\Desktop\PasswordManeger\password_manager\gui\login_window.py", line 99, in _setup_layout
    self.login_button.pack(side=tk.LEFT, padx=10)
  File "C:\Python312\Lib\tkinter\__init__.py", line 2483, in pack_configure
    self.tk.call(
_tkinter.TclError: cannot use geometry manager pack inside .!loginwindow which already has slaves managed by grid
2025-06-29 13:06:19,907 - INFO - root - Starting Secure Password Manager
2025-06-29 13:06:19,943 - INFO - password_manager.database.db_manager - Database connection established
2025-06-29 13:06:19,944 - INFO - password_manager.database.db_manager - Database schema initialized
2025-06-29 13:06:19,944 - INFO - password_manager.auth.auth_manager - Database schema initialized successfully
2025-06-29 13:06:19,944 - INFO - password_manager.database.db_manager - Database connection closed
2025-06-29 13:06:49,083 - INFO - root - Secure Password Manager closed normally
2025-06-29 13:06:51,734 - INFO - root - Secure Password Manager closed normally
2025-06-29 13:08:26,208 - INFO - root - Starting Secure Password Manager
2025-06-29 13:08:26,248 - INFO - password_manager.database.db_manager - Database connection established
2025-06-29 13:08:26,249 - INFO - password_manager.database.db_manager - Database schema initialized
2025-06-29 13:08:26,249 - INFO - password_manager.auth.auth_manager - Database schema initialized successfully
2025-06-29 13:08:26,249 - INFO - password_manager.database.db_manager - Database connection closed
2025-06-29 13:13:29,752 - INFO - root - Starting Secure Password Manager
2025-06-29 13:13:29,790 - INFO - password_manager.database.db_manager - Database connection established
2025-06-29 13:13:29,790 - INFO - password_manager.database.db_manager - Database schema initialized
2025-06-29 13:13:29,792 - INFO - password_manager.database.db_manager - Database connection closed
2025-06-29 13:13:29,792 - INFO - password_manager.database.db_manager - Database connection established
2025-06-29 13:13:29,793 - INFO - password_manager.database.db_manager - Database schema initialized
2025-06-29 13:13:29,793 - INFO - password_manager.auth.auth_manager - Database schema initialized successfully
2025-06-29 13:13:29,793 - INFO - password_manager.database.db_manager - Database connection closed
2025-06-29 13:13:29,798 - INFO - password_manager.database.db_manager - Database connection established
2025-06-29 13:13:29,798 - CRITICAL - root - Unhandled exception: 'DatabaseManager' object has no attribute 'execute'
Traceback (most recent call last):
  File "C:\Users\USER\Desktop\PasswordManeger\password_manager\main.py", line 85, in main
    app = PasswordManagerApp()
          ^^^^^^^^^^^^^^^^^^^^
  File "C:\Users\USER\Desktop\PasswordManeger\password_manager\gui\app.py", line 64, in __init__
    self.show_login_window()
  File "C:\Users\USER\Desktop\PasswordManeger\password_manager\gui\app.py", line 129, in show_login_window
    is_first_run = not self.auth_manager.has_users()
                       ^^^^^^^^^^^^^^^^^^^^^^^^^^^^^
  File "C:\Users\USER\Desktop\PasswordManeger\password_manager\auth\auth_manager.py", line 65, in has_users
    result = self.db_manager.execute("SELECT COUNT(*) FROM users").fetchone()
             ^^^^^^^^^^^^^^^^^^^^^^^
AttributeError: 'DatabaseManager' object has no attribute 'execute'
2025-06-29 13:15:49,156 - INFO - root - Starting Secure Password Manager
2025-06-29 13:15:49,193 - INFO - password_manager.database.db_manager - Database connection established
2025-06-29 13:15:49,194 - INFO - password_manager.database.db_manager - Database schema initialized
2025-06-29 13:15:49,194 - INFO - password_manager.database.db_manager - Database connection closed
2025-06-29 13:15:49,195 - INFO - password_manager.database.db_manager - Database connection established
2025-06-29 13:15:49,195 - INFO - password_manager.database.db_manager - Database schema initialized
2025-06-29 13:15:49,196 - INFO - password_manager.auth.auth_manager - Database schema initialized successfully
2025-06-29 13:16:22,451 - ERROR - password_manager.auth.auth_manager - Error during login: no such column: id
2025-06-29 13:16:33,178 - INFO - root - Secure Password Manager closed normally
2025-06-29 13:16:49,927 - INFO - root - Starting Secure Password Manager
2025-06-29 13:16:49,963 - INFO - password_manager.database.db_manager - Database connection established
2025-06-29 13:16:49,964 - INFO - password_manager.database.db_manager - Database schema initialized
2025-06-29 13:16:49,965 - INFO - password_manager.database.db_manager - Database connection closed
2025-06-29 13:16:49,965 - INFO - password_manager.database.db_manager - Database connection established
2025-06-29 13:16:49,966 - INFO - password_manager.database.db_manager - Database schema initialized
2025-06-29 13:16:49,966 - INFO - password_manager.auth.auth_manager - Database schema initialized successfully
2025-06-29 13:17:30,673 - INFO - root - Starting Secure Password Manager
2025-06-29 13:17:30,710 - INFO - password_manager.database.db_manager - Database connection established
2025-06-29 13:17:30,710 - INFO - password_manager.database.db_manager - Database schema initialized
2025-06-29 13:17:30,710 - INFO - password_manager.database.db_manager - Database connection closed
2025-06-29 13:17:30,712 - INFO - password_manager.database.db_manager - Database connection established
2025-06-29 13:17:30,712 - INFO - password_manager.database.db_manager - Database schema initialized
2025-06-29 13:17:30,713 - INFO - password_manager.auth.auth_manager - Database schema initialized successfully
2025-06-29 13:21:10,613 - INFO - root - Starting Secure Password Manager
2025-06-29 13:21:10,649 - INFO - password_manager.database.db_manager - Database connection established
2025-06-29 13:21:10,650 - INFO - password_manager.database.db_manager - Database schema initialized
2025-06-29 13:21:10,650 - INFO - password_manager.database.db_manager - Database connection closed
2025-06-29 13:21:10,650 - INFO - password_manager.database.db_manager - Database connection established
2025-06-29 13:21:10,650 - INFO - password_manager.database.db_manager - Database schema initialized
2025-06-29 13:21:10,652 - INFO - password_manager.auth.auth_manager - Database schema initialized successfully
2025-06-29 13:22:03,730 - ERROR - password_manager.auth.auth_manager - Error registering user: table users has no column named password_hash
2025-06-29 13:23:47,591 - INFO - root - Secure Password Manager closed normally
2025-06-29 13:23:49,475 - INFO - root - Secure Password Manager closed normally
2025-06-29 13:24:04,162 - ERROR - password_manager.auth.auth_manager - Error registering user: table users has no column named password_hash
2025-06-29 13:26:24,743 - INFO - root - Starting Secure Password Manager
2025-06-29 13:26:24,780 - INFO - password_manager.database.db_manager - Database connection established
2025-06-29 13:26:24,794 - INFO - password_manager.database.db_manager - Database schema initialized
2025-06-29 13:26:24,794 - INFO - password_manager.database.db_manager - Database connection closed
2025-06-29 13:26:24,795 - INFO - password_manager.database.db_manager - Database connection established
2025-06-29 13:26:24,795 - INFO - password_manager.database.db_manager - Database schema initialized
2025-06-29 13:26:24,801 - INFO - password_manager.auth.auth_manager - Database schema initialized successfully
2025-06-29 13:26:50,197 - INFO - password_manager.auth.auth_manager - User 'adi' registered successfully
2025-06-29 13:27:06,750 - INFO - password_manager.auth.auth_manager - User 'adi' logged in successfully
2025-06-29 13:27:06,756 - INFO - password_manager.database.db_manager - Database connection established
2025-06-29 13:31:45,297 - INFO - root - Starting Secure Password Manager
2025-06-29 13:31:45,341 - INFO - password_manager.database.db_manager - Database connection established
2025-06-29 13:31:45,342 - INFO - password_manager.database.db_manager - Database schema initialized
2025-06-29 13:31:45,343 - INFO - password_manager.database.db_manager - Database connection closed
2025-06-29 13:31:45,343 - INFO - password_manager.database.db_manager - Database connection established
2025-06-29 13:31:45,344 - INFO - password_manager.database.db_manager - Database schema initialized
2025-06-29 13:31:45,350 - INFO - password_manager.auth.auth_manager - Database schema initialized successfully
2025-06-29 13:32:11,765 - INFO - password_manager.auth.auth_manager - User 'adi' registered successfully
2025-06-29 13:32:30,661 - INFO - password_manager.auth.auth_manager - User 'adi' logged in successfully
2025-06-29 13:32:30,665 - INFO - password_manager.database.db_manager - Database connection established
2025-06-29 13:35:50,554 - INFO - root - Starting Secure Password Manager
2025-06-29 13:35:50,590 - INFO - password_manager.database.db_manager - Database connection established
2025-06-29 13:35:50,590 - INFO - password_manager.database.db_manager - Database schema initialized
2025-06-29 13:35:50,590 - INFO - password_manager.database.db_manager - Database connection closed
2025-06-29 13:35:50,592 - INFO - password_manager.database.db_manager - Database connection established
2025-06-29 13:35:50,592 - INFO - password_manager.database.db_manager - Database schema initialized
2025-06-29 13:35:50,598 - INFO - password_manager.auth.auth_manager - Database schema initialized successfully
2025-06-29 13:36:13,278 - INFO - password_manager.auth.auth_manager - User 'adi' registered successfully
2025-06-29 13:36:20,637 - INFO - password_manager.auth.auth_manager - User 'adi' logged in successfully
2025-06-29 13:36:20,642 - INFO - password_manager.database.db_manager - Database connection established
2025-06-29 13:40:19,362 - INFO - root - Starting Secure Password Manager
2025-06-29 13:40:19,397 - INFO - password_manager.database.db_manager - Database connection established
2025-06-29 13:40:19,397 - INFO - password_manager.database.db_manager - Database schema initialized
2025-06-29 13:40:19,397 - INFO - password_manager.database.db_manager - Database connection closed
2025-06-29 13:40:19,398 - INFO - password_manager.database.db_manager - Database connection established
2025-06-29 13:40:19,398 - INFO - password_manager.database.db_manager - Database schema initialized
2025-06-29 13:40:19,404 - INFO - password_manager.auth.auth_manager - Database schema initialized successfully
2025-06-29 13:40:33,754 - INFO - password_manager.auth.auth_manager - User 'adi' registered successfully
2025-06-29 13:40:41,365 - INFO - password_manager.auth.auth_manager - User 'adi' logged in successfully
2025-06-29 13:40:41,370 - INFO - password_manager.database.db_manager - Database connection established
2025-06-29 13:51:06,709 - INFO - root - Starting Secure Password Manager
2025-06-29 13:51:06,765 - INFO - password_manager.database.db_manager - Database connection established
2025-06-29 13:51:06,765 - INFO - password_manager.database.db_manager - Database schema initialized
2025-06-29 13:51:06,765 - INFO - password_manager.database.db_manager - Database connection closed
2025-06-29 13:51:06,767 - INFO - password_manager.database.db_manager - Database connection established
2025-06-29 13:51:06,767 - INFO - password_manager.database.db_manager - Database schema initialized
2025-06-29 13:51:06,774 - INFO - password_manager.auth.auth_manager - Database schema initialized successfully
2025-06-29 13:51:22,822 - INFO - password_manager.auth.auth_manager - User 'liel' registered successfully
2025-06-29 13:51:37,007 - INFO - password_manager.auth.auth_manager - User 'liel' logged in successfully
2025-06-29 13:51:37,013 - INFO - password_manager.database.db_manager - Database connection established
2025-06-29 13:51:37,028 - ERROR - password_manager.gui.main_window - Error loading passwords: no such column: id
2025-06-29 13:53:31,416 - ERROR - password_manager.gui.main_window - Error adding password: table passwords has no column named password
2025-06-29 13:54:39,487 - INFO - password_manager.database.db_manager - Database connection closed
2025-06-29 13:54:39,529 - INFO - root - Secure Password Manager closed normally
2025-06-29 13:54:39,768 - INFO - root - Starting Secure Password Manager
2025-06-29 13:54:39,806 - INFO - password_manager.database.db_manager - Database connection established
2025-06-29 13:54:39,807 - INFO - password_manager.database.db_manager - Database schema initialized
2025-06-29 13:54:39,808 - INFO - password_manager.database.db_manager - Database connection closed
2025-06-29 13:54:39,808 - INFO - password_manager.database.db_manager - Database connection established
2025-06-29 13:54:39,808 - INFO - password_manager.database.db_manager - Database schema initialized
2025-06-29 13:54:39,814 - INFO - password_manager.auth.auth_manager - Database schema initialized successfully
2025-06-29 13:59:43,640 - INFO - root - Starting Secure Password Manager
2025-06-29 13:59:43,676 - INFO - password_manager.database.db_manager - Database connection established
2025-06-29 13:59:43,687 - INFO - password_manager.database.db_manager - Database schema initialized
2025-06-29 13:59:43,688 - INFO - password_manager.database.db_manager - Database connection closed
2025-06-29 13:59:43,688 - INFO - password_manager.database.db_manager - Database connection established
2025-06-29 13:59:43,689 - INFO - password_manager.database.db_manager - Database schema initialized
2025-06-29 13:59:43,694 - INFO - password_manager.auth.auth_manager - Database schema initialized successfully
2025-06-29 13:59:59,758 - INFO - password_manager.auth.auth_manager - User 'adi' registered successfully
2025-06-29 14:00:06,214 - INFO - password_manager.auth.auth_manager - User 'adi' logged in successfully
2025-06-29 14:00:06,221 - INFO - password_manager.database.db_manager - Database connection established
2025-06-29 14:00:48,527 - ERROR - password_manager.gui.main_window - Error adding password: Item 1 not found
2025-06-29 14:03:55,332 - INFO - root - Starting Secure Password Manager
2025-06-29 14:03:55,367 - INFO - password_manager.database.db_manager - Database connection established
2025-06-29 14:03:55,378 - INFO - password_manager.database.db_manager - Database schema initialized
2025-06-29 14:03:55,379 - INFO - password_manager.database.db_manager - Database connection closed
2025-06-29 14:03:55,379 - INFO - password_manager.database.db_manager - Database connection established
2025-06-29 14:03:55,380 - INFO - password_manager.database.db_manager - Database schema initialized
2025-06-29 14:03:55,386 - INFO - password_manager.auth.auth_manager - Database schema initialized successfully
2025-06-29 14:04:08,231 - INFO - password_manager.auth.auth_manager - User 'adi' registered successfully
2025-06-29 14:04:13,487 - INFO - password_manager.auth.auth_manager - User 'adi' logged in successfully
2025-06-29 14:04:13,494 - INFO - password_manager.database.db_manager - Database connection established
2025-06-29 14:06:52,557 - INFO - root - Starting Secure Password Manager
2025-06-29 14:06:52,596 - INFO - password_manager.database.db_manager - Database connection established
2025-06-29 14:06:52,607 - INFO - password_manager.database.db_manager - Database schema initialized
2025-06-29 14:06:52,607 - INFO - password_manager.database.db_manager - Database connection closed
2025-06-29 14:06:52,608 - INFO - password_manager.database.db_manager - Database connection established
2025-06-29 14:06:52,608 - INFO - password_manager.database.db_manager - Database schema initialized
2025-06-29 14:06:52,614 - INFO - password_manager.auth.auth_manager - Database schema initialized successfully
2025-06-29 14:07:06,854 - INFO - password_manager.auth.auth_manager - User 'adi' registered successfully
2025-06-29 14:07:11,702 - INFO - password_manager.auth.auth_manager - User 'adi' logged in successfully
2025-06-29 14:07:11,709 - INFO - password_manager.database.db_manager - Database connection established
2025-06-29 14:07:11,725 - ERROR - password_manager.gui.main_window - Error loading passwords: no such column: password
2025-06-29 14:07:24,664 - ERROR - password_manager.gui.main_window - Error adding password: table passwords has no column named password
2025-06-29 14:07:46,992 - ERROR - password_manager.gui.main_window - Error adding password: table passwords has no column named password
2025-06-29 14:10:01,895 - INFO - root - Starting Secure Password Manager
2025-06-29 14:10:01,930 - INFO - password_manager.database.db_manager - Database connection established
2025-06-29 14:10:01,940 - INFO - password_manager.database.db_manager - Database schema initialized
2025-06-29 14:10:01,940 - INFO - password_manager.database.db_manager - Database connection closed
2025-06-29 14:10:01,941 - INFO - password_manager.database.db_manager - Database connection established
2025-06-29 14:10:01,941 - INFO - password_manager.database.db_manager - Database schema initialized
2025-06-29 14:10:01,947 - INFO - password_manager.auth.auth_manager - Database schema initialized successfully
2025-06-29 14:10:14,901 - INFO - password_manager.auth.auth_manager - User 'adi' registered successfully
2025-06-29 14:10:21,014 - INFO - password_manager.auth.auth_manager - User 'adi' logged in successfully
2025-06-29 14:10:21,020 - INFO - password_manager.database.db_manager - Database connection established
2025-06-29 14:10:21,035 - ERROR - password_manager.gui.main_window - Error loading passwords: no such column: password
2025-06-29 14:13:00,517 - INFO - root - Starting Secure Password Manager
2025-06-29 14:13:00,556 - INFO - password_manager.database.db_manager - Database connection established
2025-06-29 14:13:00,567 - INFO - password_manager.database.db_manager - Database schema initialized
2025-06-29 14:13:00,568 - INFO - password_manager.database.db_manager - Database connection closed
2025-06-29 14:13:00,568 - INFO - password_manager.database.db_manager - Database connection established
2025-06-29 14:13:00,569 - INFO - password_manager.database.db_manager - Database schema initialized
2025-06-29 14:13:00,577 - INFO - password_manager.auth.auth_manager - Database schema initialized successfully
2025-06-29 14:13:16,647 - INFO - password_manager.auth.auth_manager - User 'adi' registered successfully
2025-06-29 14:13:29,150 - INFO - password_manager.auth.auth_manager - User 'adi' logged in successfully
2025-06-29 14:13:29,156 - INFO - password_manager.database.db_manager - Database connection established
2025-06-29 14:16:38,676 - INFO - password_manager.auth.auth_manager - User 'adi' logged out
2025-06-29 14:16:45,598 - INFO - password_manager.auth.auth_manager - User 'adi' logged in successfully
2025-06-29 14:16:45,603 - INFO - password_manager.database.db_manager - Database connection established
2025-06-29 14:16:52,635 - INFO - password_manager.auth.auth_manager - User 'adi' logged out
2025-06-29 14:18:37,006 - INFO - password_manager.auth.auth_manager - User 'adi' logged in successfully
2025-06-29 14:18:37,014 - INFO - password_manager.database.db_manager - Database connection established
